<?xml version="1.0"?><coverage lines-covered="352" lines-valid="428" line-rate="0.822429906542056" branches-covered="0" branches-valid="0" branch-rate="0" complexity="0" version="1.9" timestamp="1765628660"><sources><source>/Users/stefanfleiter/Development/rust/lc3-emulator</source></sources><packages><package name="examples" line-rate="0" branch-rate="0" complexity="0"><classes></classes></package><package name="src/hardware" line-rate="0.7727272727272727" branch-rate="0" complexity="0"><classes><class name="keyboard" filename="src/hardware/keyboard.rs" line-rate="0.4166666666666667" branch-rate="0" complexity="0"><methods/><lines><line number="7" hits="0"/><line number="8" hits="0"/><line number="11" hits="3"/><line number="12" hits="6"/><line number="13" hits="6"/><line number="15" hits="6"/><line number="16" hits="0"/><line number="18" hits="0"/><line number="19" hits="0"/><line number="21" hits="0"/><line number="24" hits="0"/><line number="25" hits="9"/></lines></class><class name="memory" filename="src/hardware/memory.rs" line-rate="0.8412698412698413" branch-rate="0" complexity="0"><methods/><lines><line number="29" hits="0"/><line number="30" hits="0"/><line number="31" hits="0"/><line number="32" hits="0"/><line number="34" hits="0"/><line number="49" hits="93"/><line number="50" hits="279"/><line number="51" hits="85"/><line number="52" hits="255"/><line number="53" hits="170"/><line number="55" hits="8"/><line number="57" hits="4"/><line number="58" hits="12"/><line number="59" hits="4"/><line number="60" hits="4"/><line number="61" hits="4"/><line number="62" hits="4"/><line number="63" hits="12"/><line number="64" hits="4"/><line number="68" hits="0"/><line number="72" hits="4"/><line number="73" hits="4"/><line number="74" hits="12"/><line number="75" hits="8"/><line number="76" hits="4"/><line number="83" hits="4"/><line number="84" hits="12"/><line number="85" hits="8"/><line number="91" hits="14"/><line number="92" hits="42"/><line number="93" hits="42"/><line number="94" hits="7210"/><line number="97" hits="3584"/><line number="104" hits="28"/><line number="105" hits="14"/><line number="110" hits="89"/><line number="111" hits="89"/><line number="112" hits="89"/><line number="113" hits="178"/><line number="114" hits="0"/><line number="115" hits="0"/><line number="116" hits="0"/><line number="117" hits="0"/><line number="121" hits="6"/><line number="124" hits="18"/><line number="125" hits="18"/><line number="126" hits="18"/><line number="127" hits="6"/><line number="135" hits="14"/><line number="136" hits="28"/><line number="137" hits="1"/><line number="138" hits="1"/><line number="139" hits="1"/><line number="142" hits="52"/><line number="143" hits="52"/><line number="144" hits="13"/><line number="145" hits="39"/><line number="146" hits="13"/><line number="148" hits="37"/><line number="149" hits="37"/><line number="151" hits="2"/><line number="152" hits="6"/><line number="153" hits="2"/></lines></class><class name="registers" filename="src/hardware/registers.rs" line-rate="0.7719298245614035" branch-rate="0" complexity="0"><methods/><lines><line number="6" hits="117"/><line number="7" hits="234"/><line number="10" hits="14"/><line number="11" hits="28"/><line number="18" hits="190"/><line number="19" hits="190"/><line number="22" hits="14"/><line number="23" hits="42"/><line number="26" hits="53"/><line number="27" hits="53"/><line number="30" hits="40"/><line number="31" hits="80"/><line number="34" hits="24"/><line number="35" hits="48"/><line number="39" hits="0"/><line number="40" hits="0"/><line number="41" hits="0"/><line number="45" hits="0"/><line number="56" hits="24"/><line number="58" hits="48"/><line number="59" hits="24"/><line number="64" hits="99"/><line number="65" hits="99"/><line number="67" hits="37"/><line number="68" hits="111"/><line number="70" hits="57"/><line number="71" hits="57"/><line number="74" hits="171"/><line number="77" hits="57"/><line number="80" hits="127"/><line number="81" hits="127"/><line number="82" hits="127"/><line number="85" hits="127"/><line number="87" hits="66"/><line number="88" hits="66"/><line number="89" hits="66"/><line number="92" hits="66"/><line number="95" hits="22"/><line number="96" hits="22"/><line number="98" hits="38"/><line number="99" hits="152"/><line number="100" hits="38"/><line number="104" hits="0"/><line number="105" hits="0"/><line number="109" hits="0"/><line number="110" hits="0"/><line number="111" hits="0"/><line number="113" hits="0"/><line number="114" hits="0"/><line number="115" hits="0"/><line number="116" hits="0"/><line number="127" hits="38"/><line number="128" hits="38"/><line number="129" hits="3"/><line number="130" hits="35"/><line number="132" hits="7"/><line number="134" hits="28"/></lines></class></classes></package><package name="src" line-rate="0.822429906542056" branch-rate="0" complexity="0"><classes><class name="errors" filename="src/errors.rs" line-rate="0" branch-rate="0" complexity="0"><methods/><lines><line number="37" hits="0"/><line number="38" hits="0"/><line number="57" hits="0"/><line number="58" hits="0"/></lines></class><class name="numbers" filename="src/numbers.rs" line-rate="1" branch-rate="0" complexity="0"><methods/><lines><line number="1" hits="53"/><line number="4" hits="106"/><line number="9" hits="53"/><line number="10" hits="57"/><line number="11" hits="57"/><line number="12" hits="76"/><line number="14" hits="34"/><line number="18" hits="20"/><line number="21" hits="20"/><line number="22" hits="48"/><line number="27" hits="20"/><line number="34" hits="4"/><line number="40" hits="37"/><line number="41" hits="74"/><line number="42" hits="37"/><line number="44" hits="27"/><line number="47" hits="10"/></lines></class><class name="terminal" filename="src/terminal.rs" line-rate="0.8333333333333334" branch-rate="0" complexity="0"><methods/><lines><line number="12" hits="1"/><line number="14" hits="1"/><line number="15" hits="0"/><line number="54" hits="1"/><line number="56" hits="1"/><line number="65" hits="1"/></lines></class></classes></package><package name="src/emulator" line-rate="0.8475836431226765" branch-rate="0" complexity="0"><classes><class name="instruction" filename="src/emulator/instruction.rs" line-rate="0.8378378378378378" branch-rate="0" complexity="0"><methods/><lines><line number="19" hits="269"/><line number="20" hits="269"/><line number="21" hits="269"/><line number="24" hits="268"/><line number="25" hits="804"/><line number="27" hits="1"/><line number="29" hits="534"/><line number="36" hits="175"/><line number="37" hits="1225"/><line number="40" hits="10"/><line number="41" hits="30"/><line number="44" hits="41"/><line number="45" hits="123"/><line number="48" hits="82"/><line number="49" hits="246"/><line number="52" hits="31"/><line number="53" hits="93"/><line number="56" hits="17"/><line number="57" hits="51"/><line number="60" hits="30"/><line number="61" hits="30"/><line number="63" hits="14"/><line number="64" hits="42"/><line number="69" hits="23"/><line number="70" hits="138"/><line number="71" hits="69"/><line number="74" hits="23"/><line number="75" hits="69"/><line number="79" hits="23"/><line number="84" hits="0"/><line number="85" hits="0"/><line number="86" hits="0"/><line number="88" hits="0"/><line number="89" hits="0"/><line number="90" hits="0"/><line number="96" hits="63"/><line number="97" hits="63"/></lines></class><class name="mod" filename="src/emulator/mod.rs" line-rate="0.7339449541284404" branch-rate="0" complexity="0"><methods/><lines><line number="53" hits="7"/><line number="54" hits="21"/><line number="55" hits="28"/><line number="56" hits="6"/><line number="57" hits="3"/><line number="60" hits="11"/><line number="64" hits="31"/><line number="65" hits="1"/><line number="67" hits="10"/><line number="68" hits="1"/><line number="69" hits="1"/><line number="70" hits="1"/><line number="73" hits="18"/><line number="74" hits="1"/><line number="76" hits="24"/><line number="77" hits="25"/><line number="78" hits="7"/><line number="79" hits="14"/><line number="80" hits="7"/><line number="81" hits="7"/><line number="94" hits="2"/><line number="95" hits="4"/><line number="96" hits="6"/><line number="97" hits="2"/><line number="98" hits="0"/><line number="100" hits="6"/><line number="101" hits="2"/><line number="102" hits="8"/><line number="103" hits="6"/><line number="104" hits="4"/><line number="105" hits="4"/><line number="106" hits="29"/><line number="107" hits="27"/><line number="108" hits="54"/><line number="109" hits="27"/><line number="110" hits="108"/><line number="111" hits="27"/><line number="113" hits="4"/><line number="116" hits="0"/><line number="118" hits="0"/><line number="122" hits="2"/><line number="123" hits="6"/><line number="124" hits="8"/><line number="125" hits="2"/><line number="131" hits="2"/><line number="132" hits="2"/><line number="135" hits="4"/><line number="138" hits="0"/><line number="139" hits="0"/><line number="144" hits="1"/><line number="145" hits="2"/><line number="146" hits="2"/><line number="148" hits="0"/><line number="149" hits="0"/><line number="152" hits="3"/><line number="153" hits="3"/><line number="154" hits="3"/><line number="157" hits="2"/><line number="158" hits="111"/><line number="159" hits="148"/><line number="160" hits="111"/><line number="162" hits="74"/><line number="163" hits="150"/><line number="164" hits="2"/><line number="167" hits="0"/><line number="168" hits="0"/><line number="170" hits="0"/><line number="177" hits="37"/><line number="182" hits="37"/><line number="183" hits="117"/><line number="184" hits="17"/><line number="185" hits="17"/><line number="186" hits="57"/><line number="187" hits="7"/><line number="188" hits="0"/><line number="190" hits="7"/><line number="191" hits="13"/><line number="192" hits="9"/><line number="194" hits="4"/><line number="195" hits="0"/><line number="197" hits="4"/><line number="198" hits="0"/><line number="200" hits="8"/><line number="201" hits="3"/><line number="202" hits="0"/><line number="204" hits="3"/><line number="205" hits="0"/><line number="207" hits="3"/><line number="208" hits="0"/><line number="210" hits="18"/><line number="211" hits="0"/><line number="212" hits="0"/><line number="213" hits="0"/><line number="217" hits="34"/><line number="228" hits="3"/><line number="233" hits="9"/><line number="234" hits="3"/><line number="235" hits="0"/><line number="236" hits="0"/><line number="237" hits="4"/><line number="238" hits="0"/><line number="239" hits="0"/><line number="240" hits="4"/><line number="241" hits="0"/><line number="247" hits="0"/><line number="248" hits="0"/><line number="249" hits="0"/><line number="250" hits="0"/><line number="251" hits="0"/></lines></class><class name="opcodes" filename="src/emulator/opcodes.rs" line-rate="0.974025974025974" branch-rate="0" complexity="0"><methods/><lines><line number="23" hits="26"/><line number="24" hits="52"/><line number="25" hits="52"/><line number="26" hits="26"/><line number="27" hits="130"/><line number="28" hits="52"/><line number="29" hits="36"/><line number="31" hits="70"/><line number="35" hits="104"/><line number="50" hits="2"/><line number="51" hits="4"/><line number="52" hits="4"/><line number="53" hits="2"/><line number="54" hits="10"/><line number="55" hits="4"/><line number="56" hits="2"/><line number="58" hits="5"/><line number="62" hits="8"/><line number="71" hits="1"/><line number="72" hits="2"/><line number="73" hits="2"/><line number="74" hits="5"/><line number="76" hits="4"/><line number="88" hits="10"/><line number="89" hits="20"/><line number="90" hits="20"/><line number="91" hits="10"/><line number="92" hits="18"/><line number="93" hits="2"/><line number="94" hits="0"/><line number="96" hits="19"/><line number="97" hits="36"/><line number="115" hits="2"/><line number="116" hits="6"/><line number="117" hits="6"/><line number="118" hits="5"/><line number="120" hits="6"/><line number="122" hits="6"/><line number="137" hits="1"/><line number="138" hits="2"/><line number="139" hits="5"/><line number="140" hits="1"/><line number="150" hits="5"/><line number="151" hits="20"/><line number="152" hits="30"/><line number="153" hits="20"/><line number="164" hits="1"/><line number="165" hits="4"/><line number="166" hits="2"/><line number="167" hits="6"/><line number="168" hits="4"/><line number="177" hits="1"/><line number="178" hits="4"/><line number="179" hits="6"/><line number="180" hits="4"/><line number="183" hits="19"/><line number="184" hits="95"/><line number="185" hits="38"/><line number="187" hits="2"/><line number="188" hits="8"/><line number="189" hits="12"/><line number="198" hits="2"/><line number="199" hits="4"/><line number="200" hits="4"/><line number="201" hits="8"/><line number="203" hits="8"/><line number="211" hits="1"/><line number="212" hits="4"/><line number="213" hits="5"/><line number="222" hits="1"/><line number="223" hits="4"/><line number="224" hits="2"/><line number="225" hits="5"/><line number="233" hits="1"/><line number="234" hits="4"/><line number="235" hits="5"/><line number="246" hits="0"/></lines></class><class name="trap_routines" filename="src/emulator/trap_routines.rs" line-rate="0.9130434782608695" branch-rate="0" complexity="0"><methods/><lines><line number="16" hits="4"/><line number="23" hits="4"/><line number="24" hits="8"/><line number="25" hits="16"/><line number="26" hits="4"/><line number="29" hits="9"/><line number="32" hits="4"/><line number="34" hits="0"/><line number="41" hits="1"/><line number="46" hits="5"/><line number="52" hits="3"/><line number="57" hits="9"/><line number="58" hits="15"/><line number="62" hits="1"/><line number="63" hits="4"/><line number="64" hits="3"/><line number="67" hits="11"/><line number="72" hits="22"/><line number="73" hits="33"/><line number="76" hits="6"/><line number="81" hits="12"/><line number="82" hits="18"/><line number="83" hits="12"/><line number="84" hits="12"/><line number="85" hits="12"/><line number="89" hits="2"/><line number="95" hits="8"/><line number="96" hits="4"/><line number="97" hits="4"/><line number="98" hits="36"/><line number="99" hits="34"/><line number="100" hits="17"/><line number="102" hits="6"/><line number="106" hits="1"/><line number="111" hits="5"/><line number="119" hits="1"/><line number="124" hits="5"/><line number="128" hits="2"/><line number="129" hits="6"/><line number="130" hits="2"/><line number="133" hits="8"/><line number="137" hits="40"/><line number="138" hits="8"/><line number="139" hits="0"/><line number="143" hits="0"/><line number="144" hits="0"/></lines></class></classes></package></packages></coverage>